app/build/outputs/mapping/debug/seeds.txt
ir.easytrader.orbis.m.twa.LauncherActivity: LauncherActivity()
ir.easytrader.orbis.m.twa.LauncherActivity
ir.easytrader.orbis.m.twa.Application: Application()
ir.easytrader.orbis.m.twa.DelegationService: DelegationService()
ir.easytrader.orbis.m.twa.DelegationService
ir.easytrader.orbis.m.twa.Application
...
androidx.core.graphics.drawable.IconCompatParcelizer: void write(androidx.core.graphics.drawable.IconCompat,androidx.versionedparcelable.VersionedParcel)
android.support.v4.app.RemoteActionCompatParcelizer: androidx.core.app.RemoteActionCompat read(androidx.versionedparcelable.VersionedParcel)
androidx.versionedparcelable.ParcelImpl
androidx.versionedparcelable.CustomVersionedParcelable
androidx.core.app.RemoteActionCompat: RemoteActionCompat()
androidx.core.graphics.drawable.IconCompatParcelizer: IconCompatParcelizer()
androidx.browser.trusted.TrustedWebActivityService: TrustedWebActivityService()
androidx.core.graphics.drawable.IconCompatParcelizer
androidx.core.app.RemoteActionCompatParcelizer
androidx.lifecycle.CompositeGeneratedAdaptersObserver
androidx.versionedparcelable.ParcelImpl: android.os.Parcelable$Creator CREATOR
androidx.core.graphics.drawable.IconCompatParcelizer: androidx.core.graphics.drawable.IconCompat read(androidx.versionedparcelable.VersionedParcel)
com.google.androidbrowserhelper.trusted.LauncherActivity: LauncherActivity()
androidx.lifecycle.ReflectiveGenericLifecycleObserver
com.google.androidbrowserhelper.trusted.WebViewFallbackActivity: WebViewFallbackActivity()
android.support.v4.app.RemoteActionCompatParcelizer
android.support.v4.graphics.drawable.IconCompatParcelizer: androidx.core.graphics.drawable.IconCompat read(androidx.versionedparcelable.VersionedParcel)
androidx.core.graphics.drawable.IconCompat
androidx.core.app.RemoteActionCompatParcelizer: void write(androidx.core.app.RemoteActionCompat,androidx.versionedparcelable.VersionedParcel)
androidx.browser.browseractions.BrowserActionsFallbackMenuView: BrowserActionsFallbackMenuView(android.content.Context,android.util.AttributeSet)
android.support.v4.graphics.drawable.IconCompatParcelizer: IconCompatParcelizer()
androidx.browser.browseractions.BrowserActionsFallbackMenuView
androidx.lifecycle.SingleGeneratedAdapterObserver
androidx.core.app.RemoteActionCompatParcelizer: RemoteActionCompatParcelizer()
com.google.androidbrowserhelper.trusted.FocusActivity
com.google.androidbrowserhelper.trusted.DelegationService: DelegationService()
com.google.androidbrowserhelper.trusted.WebViewFallbackActivity
androidx.core.content.FileProvider
android.support.v4.app.RemoteActionCompatParcelizer: RemoteActionCompatParcelizer()
com.google.androidbrowserhelper.trusted.FocusActivity: FocusActivity()
androidx.core.content.FileProvider: FileProvider()
android.support.v4.graphics.drawable.IconCompatParcelizer
androidx.core.graphics.drawable.IconCompat: IconCompat()
androidx.versionedparcelable.CustomVersionedParcelable: CustomVersionedParcelable()
android.support.v4.graphics.drawable.IconCompatParcelizer: void write(androidx.core.graphics.drawable.IconCompat,androidx.versionedparcelable.VersionedParcel)
androidx.core.app.RemoteActionCompat
androidx.core.app.CoreComponentFactory
android.support.v4.app.RemoteActionCompatParcelizer: void write(androidx.core.app.RemoteActionCompat,androidx.versionedparcelable.VersionedParcel)
androidx.annotation.Keep
androidx.lifecycle.FullLifecycleObserverAdapter
androidx.core.app.CoreComponentFactory: CoreComponentFactory()
androidx.core.app.RemoteActionCompatParcelizer: androidx.core.app.RemoteActionCompat read(androidx.versionedparcelable.VersionedParcel)