app/build/outputs/mapping/debug/mapping.txt
# compiler: R8
# compiler_version: 2.1.86
# min_api: 19
# pg_map_id: 46dd4b6
# common_typos_disable
ir.easytrader.orbis.m.twa.LauncherActivity -> ir.easytrader.orbis.m.twa.LauncherActivity:
    android.net.Uri getLaunchingUrl() -> g
...
com.google.androidbrowserhelper.trusted.FocusActivity -> com.google.androidbrowserhelper.trusted.FocusActivity:
    java.lang.Boolean mActivityExistsCached -> a
    void addToIntent(android.content.Intent,android.content.Context) -> a
com.google.androidbrowserhelper.trusted.LauncherActivity -> com.google.androidbrowserhelper.trusted.n:
    boolean sChromeVersionChecked -> e
    int sLauncherActivitiesAlive -> f
    com.google.androidbrowserhelper.trusted.splashscreens.PwaWrapperSplashScreenStrategy mSplashScreenStrategy -> c
    com.google.androidbrowserhelper.trusted.LauncherActivityMetadata mMetadata -> a
    boolean mBrowserWasLaunched -> b
    com.google.androidbrowserhelper.trusted.TwaLauncher mTwaLauncher -> d
    void addShareDataIfPresent(androidx.browser.trusted.TrustedWebActivityIntentBuilder) -> a
    com.google.androidbrowserhelper.trusted.TwaLauncher createTwaLauncher() -> b
    int getColorCompat(int) -> c
    androidx.browser.customtabs.CustomTabsCallback getCustomTabsCallback() -> d
    androidx.browser.trusted.TrustedWebActivityDisplayMode getDisplayMode() -> e
    com.google.androidbrowserhelper.trusted.TwaLauncher$FallbackStrategy getFallbackStrategy() -> f
    android.net.Uri getLaunchingUrl() -> g
    android.widget.ImageView$ScaleType getSplashImageScaleType() -> h
    android.graphics.Matrix getSplashImageTransformationMatrix() -> i
    void lambda$launchTwa$0() -> j
    void lambda$launchTwa$0$LauncherActivity() -> k
    void launchTwa() -> l
    boolean restartInNewTask() -> m
    boolean shouldLaunchImmediately() -> n
    boolean splashScreenNeeded() -> o
com.google.androidbrowserhelper.trusted.LauncherActivityMetadata -> com.google.androidbrowserhelper.trusted.o:
    int screenOrientation -> o
    java.lang.String fileProviderAuthority -> j
    int splashScreenFadeOutDurationMillis -> k
    int splashImageDrawableId -> h
    java.lang.String fallbackStrategyType -> m
    int splashScreenBackgroundColorId -> i
    int navigationBarDividerColorId -> f
    int navigationBarDividerColorDarkId -> g
    int navigationBarColorId -> d
    int navigationBarColorDarkId -> e
    java.lang.String shareTarget -> p
    int statusBarColorId -> b
    int statusBarColorDarkId -> c
    androidx.browser.trusted.TrustedWebActivityDisplayMode displayMode -> n
    java.lang.String defaultUrl -> a
    java.util.List additionalTrustedOrigins -> l
    androidx.browser.trusted.TrustedWebActivityDisplayMode getDisplayMode(android.os.Bundle) -> a
    int getOrientation(java.lang.String) -> b
    com.google.androidbrowserhelper.trusted.LauncherActivityMetadata parse(android.content.Context) -> c
com.google.androidbrowserhelper.trusted.ManageDataLauncherActivity -> com.google.androidbrowserhelper.trusted.p:
    androidx.browser.customtabs.CustomTabsServiceConnection mConnection -> b
    java.lang.String mProviderPackage -> a
    void access$200(com.google.androidbrowserhelper.trusted.ManageDataLauncherActivity,androidx.browser.customtabs.CustomTabsSession) -> a
    void addSiteSettingsShortcut(android.content.Context,java.lang.String) -> b
    android.view.View createLoadingView() -> c
    android.net.Uri getDefaultUrlForManagingSpace() -> d
    android.content.pm.ShortcutInfo getSiteSettingsShortcutOrNull(android.content.Context,android.content.pm.PackageManager) -> e
    void handleNoSupportForManageSpace() -> f
    void handleTwaNeverLaunched() -> g
    boolean launchBrowserSiteSettings(android.app.Activity,androidx.browser.customtabs.CustomTabsSession,java.lang.String,android.net.Uri) -> h
    void launchSettings(androidx.browser.customtabs.CustomTabsSession) -> i
    void onError(java.lang.RuntimeException) -> j
    boolean packageSupportsSiteSettings(java.lang.String,android.content.pm.PackageManager) -> k
    boolean supportsTrustedWebActivities(java.lang.String) -> l
com.google.androidbrowserhelper.trusted.ManageDataLauncherActivity$1 -> com.google.androidbrowserhelper.trusted.p$a: