app/build/outputs/mapping/debug/usage.txt
ir.easytrader.orbis.m.twa.R
ir.easytrader.orbis.m.twa.R$dimen
ir.easytrader.orbis.m.twa.R$mipmap
ir.easytrader.orbis.m.twa.R$style
ir.easytrader.orbis.m.twa.R$drawable
ir.easytrader.orbis.m.twa.R$xml
ir.easytrader.orbis.m.twa.R$raw
ir.easytrader.orbis.m.twa.R$integer
ir.easytrader.orbis.m.twa.BuildConfig
ir.easytrader.orbis.m.twa.R$layout
ir.easytrader.orbis.m.twa.R$bool
ir.easytrader.orbis.m.twa.R$id
ir.easytrader.orbis.m.twa.R$styleable
ir.easytrader.orbis.m.twa.R$string
ir.easytrader.orbis.m.twa.R$attr
ir.easytrader.orbis.m.twa.R$color
...
androidx.core.graphics.PathParser$PathDataNode
androidx.core.view.DragStartHelper$1
androidx.core.view.accessibility.AccessibilityManagerCompat$AccessibilityStateChangeListenerWrapper
androidx.core.view.ViewCompat$OnUnhandledKeyEventListenerCompat
androidx.core.app.JobIntentService$WorkEnqueuer
androidx.core.view.ViewParentCompat
androidx.browser.trusted.ScreenOrientation$LockType
androidx.core.hardware.fingerprint.FingerprintManagerCompat$AuthenticationResult
androidx.lifecycle.LifecycleRegistryOwner
androidx.core.app.NotificationCompat$Action$SemanticAction
androidx.core.widget.PopupWindowCompat
androidx.annotation.RawRes
androidx.core.content.pm.PermissionInfoCompat
androidx.annotation.VisibleForTesting
androidx.core.view.ViewCompat$ScrollIndicators
androidx.core.view.NestedScrollingParentHelper
androidx.core.app.NotificationCompat$InboxStyle
androidx.core.util.Consumer
androidx.core.widget.TintableImageSourceView
androidx.lifecycle.Lifecycling
androidx.browser.customtabs.CustomTabsSession$PendingSession
androidx.core.view.accessibility.AccessibilityWindowInfoCompat
androidx.core.location.LocationManagerCompat
androidx.lifecycle.FullLifecycleObserverAdapter$1
androidx.core.app.FrameMetricsAggregator$FrameMetricsApi24Impl
androidx.core.util.Preconditions
androidx.browser.browseractions.BrowserActionsFallbackMenuUi$3
androidx.core.view.inputmethod.InputContentInfoCompat
androidx.concurrent.futures.CallbackToFutureAdapter$Resolver
androidx.core.app.NotificationCompat$BigPictureStyle
androidx.core.provider.FontsContractCompat$FontFamilyResult
androidx.core.widget.CompoundButtonCompat
androidx.core.content.pm.ShortcutInfoCompatSaver$NoopImpl
androidx.core.R$style
androidx.core.provider.FontsContractCompat$4$6
androidx.core.text.TextUtilsCompat
androidx.core.app.NotificationCompat$Action$WearableExtender
com.google.androidbrowserhelper.trusted.SharingUtils:
    private void <init>()
androidx.browser.trusted.TokenContents:
    public int getFingerprintCount()
androidx.annotation.RequiresApi
androidx.concurrent.futures.AbstractResolvableFuture$AtomicHelper
androidx.core.app.NotificationCompat$BigTextStyle
androidx.core.app.ActivityCompat$PermissionCompatDelegate:
    public abstract boolean onActivityResult(android.app.Activity,int,int,android.content.Intent)
android.support.v4.os.ResultReceiver$MyRunnable
androidx.core.view.inputmethod.InputContentInfoCompat$InputContentInfoCompatBaseImpl
androidx.core.app.JobIntentService$CompatWorkEnqueuer
androidx.annotation.AnyThread
androidx.browser.R
com.google.androidbrowserhelper.R$color
com.google.androidbrowserhelper.R$dimen
androidx.browser.trusted.sharing.ShareTarget$RequestMethod
androidx.browser.browseractions.BrowserActionsFallbackMenuAdapter
androidx.core.app.NotificationCompat$DecoratedCustomViewStyle
androidx.browser.browseractions.BrowserServiceFileProvider$FileCleanupTask
androidx.core.widget.ImageViewCompat